<?xml version="1.0" encoding="UTF-8"?>
<robot generator="Robot 5.0.1 (Python 3.11.0 on win32)" generated="20230623 17:37:33.548" rpa="false" schemaversion="3">
<suite id="s1" name="Tests" source="C:\Bond_Automation\JioGames-_Web_Watch\Tests">
<suite id="s1-s1" name="History" source="C:\Bond_Automation\JioGames-_Web_Watch\Tests\History">
<suite id="s1-s1-s1" name="History" source="C:\Bond_Automation\JioGames-_Web_Watch\Tests\History\History.robot">
<kw name="Begin Web Test" library="Common" type="SETUP">
<kw name="Open Excel Document" library="ExcelLibrary">
<arg>filename=Resources/JioGames Watch.xlsx</arg>
<arg>doc_id=JioGames Watch</arg>
<doc>Opens xlsx document file.</doc>
<status status="PASS" starttime="20230623 17:37:38.193" endtime="20230623 17:37:38.233"/>
</kw>
<kw name="Open Browser" library="SeleniumLibrary">
<arg>about:blank</arg>
<arg>${Browser}</arg>
<doc>Opens a new browser instance to the optional ``url``.</doc>
<msg timestamp="20230623 17:37:38.233" level="INFO">Opening browser 'chrome' to base url 'about:blank'.</msg>
<status status="PASS" starttime="20230623 17:37:38.233" endtime="20230623 17:37:42.299"/>
</kw>
<kw name="Maximize Browser Window" library="SeleniumLibrary">
<doc>Maximizes current browser window.</doc>
<status status="PASS" starttime="20230623 17:37:42.299" endtime="20230623 17:37:42.450"/>
</kw>
<status status="PASS" starttime="20230623 17:37:38.190" endtime="20230623 17:37:42.450"/>
</kw>
<test id="s1-s1-s1-t1" name="Test Case 110926: Confirm if &quot;404 error&quot; appears if URL has extra letters or is incomplete" line="26">
<kw name="Invalid URL verification" library="History_Pages">
<kw name="Visit Jio Games Web Watch and Login" library="Common">
<kw name="Visit Jio Games Web Watch" library="Common">
<kw name="Go To" library="SeleniumLibrary">
<arg>${URL}</arg>
<doc>Navigates the current browser window to the provided ``url``.</doc>
<msg timestamp="20230623 17:37:42.450" level="INFO">Opening url 'https://watch-prod.api.engageapps.jio/'</msg>
<status status="PASS" starttime="20230623 17:37:42.450" endtime="20230623 17:37:46.383"/>
</kw>
<kw name="Sleep" library="BuiltIn">
<arg>500ms</arg>
<doc>Pauses the test executed for the given time.</doc>
<msg timestamp="20230623 17:37:46.892" level="INFO">Slept 500 milliseconds</msg>
<status status="PASS" starttime="20230623 17:37:46.391" endtime="20230623 17:37:46.892"/>
</kw>
<status status="PASS" starttime="20230623 17:37:42.450" endtime="20230623 17:37:46.892"/>
</kw>
<kw name="Login to Jio Games Web Watch" library="Common">
<kw name="Wait For And Input Text" library="Common">
<arg>xpath=//input[@placeholder='Mobile Number']</arg>
<arg>${Mobile}</arg>
<kw name="Wait Until Element Is Visible" library="SeleniumLibrary">
<arg>${locator}</arg>
<doc>Waits until the element ``locator`` is visible.</doc>
<status status="PASS" starttime="20230623 17:37:46.892" endtime="20230623 17:37:46.961"/>
</kw>
<kw name="Sleep" library="BuiltIn">
<arg>100ms</arg>
<doc>Pauses the test executed for the given time.</doc>
<msg timestamp="20230623 17:37:47.061" level="INFO">Slept 100 milliseconds</msg>
<status status="PASS" starttime="20230623 17:37:46.961" endtime="20230623 17:37:47.061"/>
</kw>
<kw name="Input Text" library="SeleniumLibrary">
<arg>${locator}</arg>
<arg>${text}</arg>
<doc>Types the given ``text`` into the text field identified by ``locator``.</doc>
<msg timestamp="20230623 17:37:47.061" level="INFO">Typing text '8169593796' into text field 'xpath=//input[@placeholder='Mobile Number']'.</msg>
<status status="PASS" starttime="20230623 17:37:47.061" endtime="20230623 17:37:47.181"/>
</kw>
<status status="PASS" starttime="20230623 17:37:46.892" endtime="20230623 17:37:47.181"/>
</kw>
<kw name="Wait For And Input Password" library="Common">
<arg>xpath=//input[@placeholder='Password']</arg>
<arg>${Password}</arg>
<kw name="Wait Until Element Is Visible" library="SeleniumLibrary">
<arg>${locator}</arg>
<doc>Waits until the element ``locator`` is visible.</doc>
<status status="PASS" starttime="20230623 17:37:47.181" endtime="20230623 17:37:47.213"/>
</kw>
<kw name="Sleep" library="BuiltIn">
<arg>100ms</arg>
<doc>Pauses the test executed for the given time.</doc>
<msg timestamp="20230623 17:37:47.313" level="INFO">Slept 100 milliseconds</msg>
<status status="PASS" starttime="20230623 17:37:47.213" endtime="20230623 17:37:47.313"/>
</kw>
<kw name="Input Password" library="SeleniumLibrary">
<arg>${locator}</arg>
<arg>${password}</arg>
<doc>Types the given password into the text field identified by ``locator``.</doc>
<msg timestamp="20230623 17:37:47.313" level="INFO">Typing password into text field 'xpath=//input[@placeholder='Password']'.</msg>
<msg timestamp="20230623 17:37:47.344" level="INFO">Temporally setting log level to: NONE</msg>
<msg timestamp="20230623 17:37:47.421" level="INFO">Log level changed from NONE to INFO.</msg>
<status status="PASS" starttime="20230623 17:37:47.313" endtime="20230623 17:37:47.421"/>
</kw>
<status status="PASS" starttime="20230623 17:37:47.181" endtime="20230623 17:37:47.421"/>
</kw>
<kw name="Wait For And Click Element" library="Common">
<arg>xpath=//div[@class="rounded-full px-4 py-1 border border-primary text-xs leading-4 bg-primary text-onSecondary font-JioTypeLight hover:bg-primary-900 cursor-pointer"]</arg>
<kw name="Wait Until Element Is Visible" library="SeleniumLibrary">
<arg>${locator}</arg>
<doc>Waits until the element ``locator`` is visible.</doc>
<status status="PASS" starttime="20230623 17:37:47.421" endtime="20230623 17:37:47.445"/>
</kw>
<kw name="Click Element" library="SeleniumLibrary">
<arg>${locator}</arg>
<doc>Click the element identified by ``locator``.</doc>
<msg timestamp="20230623 17:37:47.445" level="INFO">Clicking element 'xpath=//div[@class="rounded-full px-4 py-1 border border-primary text-xs leading-4 bg-primary text-onSecondary font-JioTypeLight hover:bg-primary-900 cursor-pointer"]'.</msg>
<status status="PASS" starttime="20230623 17:37:47.445" endtime="20230623 17:37:47.489"/>
</kw>
<kw name="Sleep" library="BuiltIn">
<arg>50ms</arg>
<doc>Pauses the test executed for the given time.</doc>
<msg timestamp="20230623 17:37:47.540" level="INFO">Slept 50 milliseconds</msg>
<status status="PASS" starttime="20230623 17:37:47.489" endtime="20230623 17:37:47.540"/>
</kw>
<status status="PASS" starttime="20230623 17:37:47.421" endtime="20230623 17:37:47.540"/>
</kw>
<kw name="Sleep" library="BuiltIn">
<arg>2s</arg>
<doc>Pauses the test executed for the given time.</doc>
<msg timestamp="20230623 17:37:49.540" level="INFO">Slept 2 seconds</msg>
<status status="PASS" starttime="20230623 17:37:47.540" endtime="20230623 17:37:49.540"/>
</kw>
<status status="PASS" starttime="20230623 17:37:46.892" endtime="20230623 17:37:49.540"/>
</kw>
<status status="PASS" starttime="20230623 17:37:42.450" endtime="20230623 17:37:49.540"/>
</kw>
<kw name="Landing on History Page" library="RedirectionToHistory">
<kw name="Mouse Over" library="SeleniumLibrary">
<arg>xpath= //div[@class="flex w-full cursor-pointer items-center"]</arg>
<doc>Simulates hovering the mouse over the element ``locator``.</doc>
<msg timestamp="20230623 17:37:49.540" level="INFO">Simulating Mouse Over on element 'xpath= //div[@class="flex w-full cursor-pointer items-center"]'.</msg>
<status status="PASS" starttime="20230623 17:37:49.540" endtime="20230623 17:37:49.817"/>
</kw>
<kw name="Sleep" library="BuiltIn">
<arg>500ms</arg>
<doc>Pauses the test executed for the given time.</doc>
<msg timestamp="20230623 17:37:50.318" level="INFO">Slept 500 milliseconds</msg>
<status status="PASS" starttime="20230623 17:37:49.817" endtime="20230623 17:37:50.318"/>
</kw>
<kw name="Wait For And Click Element" library="Common">
<arg>xpath= //a[contains(normalize-space(),"History")]</arg>
<kw name="Wait Until Element Is Visible" library="SeleniumLibrary">
<arg>${locator}</arg>
<doc>Waits until the element ``locator`` is visible.</doc>
<status status="PASS" starttime="20230623 17:37:50.318" endtime="20230623 17:37:50.334"/>
</kw>
<kw name="Click Element" library="SeleniumLibrary">
<arg>${locator}</arg>
<doc>Click the element identified by ``locator``.</doc>
<msg timestamp="20230623 17:37:50.334" level="INFO">Clicking element 'xpath= //a[contains(normalize-space(),"History")]'.</msg>
<status status="PASS" starttime="20230623 17:37:50.334" endtime="20230623 17:37:50.382"/>
</kw>
<kw name="Sleep" library="BuiltIn">
<arg>50ms</arg>
<doc>Pauses the test executed for the given time.</doc>
<msg timestamp="20230623 17:37:50.438" level="INFO">Slept 50 milliseconds</msg>
<status status="PASS" starttime="20230623 17:37:50.382" endtime="20230623 17:37:50.438"/>
</kw>
<status status="PASS" starttime="20230623 17:37:50.318" endtime="20230623 17:37:50.438"/>
</kw>
<kw name="URL Validation" library="Common">
<arg>https://watch-prod.api.engageapps.jio/history</arg>
<kw name="Sleep" library="BuiltIn">
<arg>500ms</arg>
<doc>Pauses the test executed for the given time.</doc>
<msg timestamp="20230623 17:37:50.939" level="INFO">Slept 500 milliseconds</msg>
<status status="PASS" starttime="20230623 17:37:50.438" endtime="20230623 17:37:50.939"/>
</kw>
<kw name="Wait Until Location Is" library="SeleniumLibrary">
<arg>${VURL}</arg>
<doc>Waits until the current URL is ``expected``.</doc>
<status status="PASS" starttime="20230623 17:37:50.939" endtime="20230623 17:37:50.939"/>
</kw>
<status status="PASS" starttime="20230623 17:37:50.438" endtime="20230623 17:37:50.939"/>
</kw>
<kw name="Wait For And Click Element" library="Common">
<arg>xpath=//div[@class="flex p-4"]</arg>
<kw name="Wait Until Element Is Visible" library="SeleniumLibrary">
<arg>${locator}</arg>
<doc>Waits until the element ``locator`` is visible.</doc>
<status status="PASS" starttime="20230623 17:37:50.939" endtime="20230623 17:37:50.970"/>
</kw>
<kw name="Click Element" library="SeleniumLibrary">
<arg>${locator}</arg>
<doc>Click the element identified by ``locator``.</doc>
<msg timestamp="20230623 17:37:50.970" level="INFO">Clicking element 'xpath=//div[@class="flex p-4"]'.</msg>
<status status="PASS" starttime="20230623 17:37:50.970" endtime="20230623 17:37:51.006"/>
</kw>
<kw name="Sleep" library="BuiltIn">
<arg>50ms</arg>
<doc>Pauses the test executed for the given time.</doc>
<msg timestamp="20230623 17:37:51.058" level="INFO">Slept 50 milliseconds</msg>
<status status="PASS" starttime="20230623 17:37:51.006" endtime="20230623 17:37:51.058"/>
</kw>
<status status="PASS" starttime="20230623 17:37:50.939" endtime="20230623 17:37:51.058"/>
</kw>
<kw name="Set Screenshot Directory" library="SeleniumLibrary">
<arg>./Results/History/Screenshots</arg>
<doc>Sets the directory for captured screenshots.</doc>
<status status="PASS" starttime="20230623 17:37:51.058" endtime="20230623 17:37:51.058"/>
</kw>
<kw name="Sleep" library="BuiltIn">
<arg>250ms</arg>
<doc>Pauses the test executed for the given time.</doc>
<msg timestamp="20230623 17:37:51.309" level="INFO">Slept 250 milliseconds</msg>
<status status="PASS" starttime="20230623 17:37:51.058" endtime="20230623 17:37:51.309"/>
</kw>
<status status="PASS" starttime="20230623 17:37:49.540" endtime="20230623 17:37:51.309"/>
</kw>
<kw name="Confirm if the user is able to clear history using the &quot;Clear history&quot; button." library="History_PO">
<kw name="Wait For And Verify Element" library="Common">
<arg>${ClearHistory}</arg>
<kw name="Wait Until Element Is Visible" library="SeleniumLibrary">
<arg>${locator}</arg>
<doc>Waits until the element ``locator`` is visible.</doc>
<status status="PASS" starttime="20230623 17:37:51.309" endtime="20230623 17:37:51.341"/>
</kw>
<kw name="Wait Until Page Contains Element" library="SeleniumLibrary">
<arg>${locator}</arg>
<doc>Waits until the element ``locator`` appears on the current page.</doc>
<status status="PASS" starttime="20230623 17:37:51.341" endtime="20230623 17:37:51.350"/>
</kw>
<status status="PASS" starttime="20230623 17:37:51.309" endtime="20230623 17:37:51.350"/>
</kw>
<kw name="Sleep" library="BuiltIn">
<arg>2s</arg>
<doc>Pauses the test executed for the given time.</doc>
<msg timestamp="20230623 17:37:53.356" level="INFO">Slept 2 seconds</msg>
<status status="PASS" starttime="20230623 17:37:51.350" endtime="20230623 17:37:53.356"/>
</kw>
<kw name="Wait For And Click Element" library="Common">
<arg>${ClearHistory}</arg>
<kw name="Wait Until Element Is Visible" library="SeleniumLibrary">
<arg>${locator}</arg>
<doc>Waits until the element ``locator`` is visible.</doc>
<status status="PASS" starttime="20230623 17:37:53.356" endtime="20230623 17:37:53.371"/>
</kw>
<kw name="Click Element" library="SeleniumLibrary">
<arg>${locator}</arg>
<doc>Click the element identified by ``locator``.</doc>
<msg timestamp="20230623 17:37:53.371" level="INFO">Clicking element 'xpath=//button[normalize-space()='Clear history']'.</msg>
<status status="PASS" starttime="20230623 17:37:53.371" endtime="20230623 17:37:53.430"/>
</kw>
<kw name="Sleep" library="BuiltIn">
<arg>50ms</arg>
<doc>Pauses the test executed for the given time.</doc>
<msg timestamp="20230623 17:37:53.486" level="INFO">Slept 50 milliseconds</msg>
<status status="PASS" starttime="20230623 17:37:53.430" endtime="20230623 17:37:53.486"/>
</kw>
<status status="PASS" starttime="20230623 17:37:53.356" endtime="20230623 17:37:53.486"/>
</kw>
<kw name="Wait Until Page Contains" library="SeleniumLibrary">
<arg>Are you sure you want to clear your list?</arg>
<doc>Waits until ``text`` appears on the current page.</doc>
<status status="PASS" starttime="20230623 17:37:53.486" endtime="20230623 17:37:53.494"/>
</kw>
<kw name="Take Page Screenshot" library="Common">
<arg>Clear_History.png</arg>
<kw name="Sleep" library="BuiltIn">
<arg>200ms</arg>
<doc>Pauses the test executed for the given time.</doc>
<msg timestamp="20230623 17:37:53.694" level="INFO">Slept 200 milliseconds</msg>
<status status="PASS" starttime="20230623 17:37:53.494" endtime="20230623 17:37:53.694"/>
</kw>
<try>
<branch type="TRY">
<kw name="Capture Page Screenshot" library="SeleniumLibrary">
<arg>${Sc_Name}.png</arg>
<doc>Takes a screenshot of the current page and embeds it into a log file.</doc>
<msg timestamp="20230623 17:37:53.970" level="INFO" html="true">&lt;/td&gt;&lt;/tr&gt;&lt;tr&gt;&lt;td colspan="3"&gt;&lt;a href="Screenshots/Clear_History.png.png"&gt;&lt;img src="Screenshots/Clear_History.png.png" width="800px"&gt;&lt;/a&gt;</msg>
<status status="PASS" starttime="20230623 17:37:53.694" endtime="20230623 17:37:53.970"/>
</kw>
<status status="PASS" starttime="20230623 17:37:53.694" endtime="20230623 17:37:53.970"/>
</branch>
<branch type="EXCEPT">
<kw name="Log" library="BuiltIn">
<arg>Issue While Taking Screenshot!!</arg>
<doc>Logs the given message with the given level.</doc>
<status status="NOT RUN" starttime="20230623 17:37:53.970" endtime="20230623 17:37:53.970"/>
</kw>
<status status="NOT RUN" starttime="20230623 17:37:53.970" endtime="20230623 17:37:53.970"/>
</branch>
<status status="PASS" starttime="20230623 17:37:53.694" endtime="20230623 17:37:53.970"/>
</try>
<status status="PASS" starttime="20230623 17:37:53.494" endtime="20230623 17:37:53.970"/>
</kw>
<kw name="Wait For And Verify Element" library="Common">
<arg>xpath=//img[@class='mt-8']</arg>
<kw name="Wait Until Element Is Visible" library="SeleniumLibrary">
<arg>${locator}</arg>
<doc>Waits until the element ``locator`` is visible.</doc>
<status status="PASS" starttime="20230623 17:37:53.970" endtime="20230623 17:37:54.001"/>
</kw>
<kw name="Wait Until Page Contains Element" library="SeleniumLibrary">
<arg>${locator}</arg>
<doc>Waits until the element ``locator`` appears on the current page.</doc>
<status status="PASS" starttime="20230623 17:37:54.001" endtime="20230623 17:37:54.001"/>
</kw>
<status status="PASS" starttime="20230623 17:37:53.970" endtime="20230623 17:37:54.001"/>
</kw>
<kw name="Wait For And Verify Content" library="Common">
<arg>xpath=//div[contains(text(),'Are you sure you want to clear your list?')]</arg>
<arg>Are you sure you want to clear your list?</arg>
<kw name="Wait Until Element Is Visible" library="SeleniumLibrary">
<arg>${locator}</arg>
<doc>Waits until the element ``locator`` is visible.</doc>
<status status="PASS" starttime="20230623 17:37:54.001" endtime="20230623 17:37:54.017"/>
</kw>
<kw name="Sleep" library="BuiltIn">
<arg>200ms</arg>
<doc>Pauses the test executed for the given time.</doc>
<msg timestamp="20230623 17:37:54.217" level="INFO">Slept 200 milliseconds</msg>
<status status="PASS" starttime="20230623 17:37:54.017" endtime="20230623 17:37:54.217"/>
</kw>
<kw name="Element Should Contain" library="SeleniumLibrary">
<arg>${locator}</arg>
<arg>${str}</arg>
<doc>Verifies that element ``locator`` contains text ``expected``.</doc>
<msg timestamp="20230623 17:37:54.233" level="INFO">Element 'xpath=//div[contains(text(),'Are you sure you want to clear your list?')]' contains text 'Are you sure you want to clear your list?'.</msg>
<status status="PASS" starttime="20230623 17:37:54.217" endtime="20230623 17:37:54.233"/>
</kw>
<status status="PASS" starttime="20230623 17:37:54.001" endtime="20230623 17:37:54.233"/>
</kw>
<kw name="Wait For And Verify Content" library="Common">
<arg>xpath=//div[contains(text(),'This action cannot be undone')]</arg>
<arg>This action cannot be undone</arg>
<kw name="Wait Until Element Is Visible" library="SeleniumLibrary">
<arg>${locator}</arg>
<doc>Waits until the element ``locator`` is visible.</doc>
<status status="PASS" starttime="20230623 17:37:54.233" endtime="20230623 17:37:54.255"/>
</kw>
<kw name="Sleep" library="BuiltIn">
<arg>200ms</arg>
<doc>Pauses the test executed for the given time.</doc>
<msg timestamp="20230623 17:37:54.456" level="INFO">Slept 200 milliseconds</msg>
<status status="PASS" starttime="20230623 17:37:54.255" endtime="20230623 17:37:54.456"/>
</kw>
<kw name="Element Should Contain" library="SeleniumLibrary">
<arg>${locator}</arg>
<arg>${str}</arg>
<doc>Verifies that element ``locator`` contains text ``expected``.</doc>
<msg timestamp="20230623 17:37:54.471" level="INFO">Element 'xpath=//div[contains(text(),'This action cannot be undone')]' contains text 'This action cannot be undone'.</msg>
<status status="PASS" starttime="20230623 17:37:54.456" endtime="20230623 17:37:54.471"/>
</kw>
<status status="PASS" starttime="20230623 17:37:54.233" endtime="20230623 17:37:54.471"/>
</kw>
<kw name="Wait For And Verify Content" library="Common">
<arg>xpath=//div[contains(text(),'Cancel')]</arg>
<arg>Cancel</arg>
<kw name="Wait Until Element Is Visible" library="SeleniumLibrary">
<arg>${locator}</arg>
<doc>Waits until the element ``locator`` is visible.</doc>
<status status="PASS" starttime="20230623 17:37:54.471" endtime="20230623 17:37:54.487"/>
</kw>
<kw name="Sleep" library="BuiltIn">
<arg>200ms</arg>
<doc>Pauses the test executed for the given time.</doc>
<msg timestamp="20230623 17:37:54.687" level="INFO">Slept 200 milliseconds</msg>
<status status="PASS" starttime="20230623 17:37:54.487" endtime="20230623 17:37:54.687"/>
</kw>
<kw name="Element Should Contain" library="SeleniumLibrary">
<arg>${locator}</arg>
<arg>${str}</arg>
<doc>Verifies that element ``locator`` contains text ``expected``.</doc>
<msg timestamp="20230623 17:37:54.703" level="INFO">Element 'xpath=//div[contains(text(),'Cancel')]' contains text 'Cancel'.</msg>
<status status="PASS" starttime="20230623 17:37:54.687" endtime="20230623 17:37:54.703"/>
</kw>
<status status="PASS" starttime="20230623 17:37:54.471" endtime="20230623 17:37:54.703"/>
</kw>
<kw name="Wait For And Verify Content" library="Common">
<arg>xpath=//div[contains(text(),'Clear all history')]</arg>
<arg>Clear all history</arg>
<kw name="Wait Until Element Is Visible" library="SeleniumLibrary">
<arg>${locator}</arg>
<doc>Waits until the element ``locator`` is visible.</doc>
<status status="PASS" starttime="20230623 17:37:54.703" endtime="20230623 17:37:54.718"/>
</kw>
<kw name="Sleep" library="BuiltIn">
<arg>200ms</arg>
<doc>Pauses the test executed for the given time.</doc>
<msg timestamp="20230623 17:37:54.919" level="INFO">Slept 200 milliseconds</msg>
<status status="PASS" starttime="20230623 17:37:54.718" endtime="20230623 17:37:54.919"/>
</kw>
<kw name="Element Should Contain" library="SeleniumLibrary">
<arg>${locator}</arg>
<arg>${str}</arg>
<doc>Verifies that element ``locator`` contains text ``expected``.</doc>
<msg timestamp="20230623 17:37:54.934" level="INFO">Element 'xpath=//div[contains(text(),'Clear all history')]' contains text 'Clear all history'.</msg>
<status status="PASS" starttime="20230623 17:37:54.919" endtime="20230623 17:37:54.934"/>
</kw>
<status status="PASS" starttime="20230623 17:37:54.703" endtime="20230623 17:37:54.934"/>
</kw>
<kw name="Wait For And Click Element" library="Common">
<arg>xpath=//div[contains(text(),'Clear all history')]</arg>
<kw name="Wait Until Element Is Visible" library="SeleniumLibrary">
<arg>${locator}</arg>
<doc>Waits until the element ``locator`` is visible.</doc>
<status status="PASS" starttime="20230623 17:37:54.934" endtime="20230623 17:37:54.941"/>
</kw>
<kw name="Click Element" library="SeleniumLibrary">
<arg>${locator}</arg>
<doc>Click the element identified by ``locator``.</doc>
<msg timestamp="20230623 17:37:54.941" level="INFO">Clicking element 'xpath=//div[contains(text(),'Clear all history')]'.</msg>
<status status="PASS" starttime="20230623 17:37:54.941" endtime="20230623 17:37:54.986"/>
</kw>
<kw name="Sleep" library="BuiltIn">
<arg>50ms</arg>
<doc>Pauses the test executed for the given time.</doc>
<msg timestamp="20230623 17:37:55.037" level="INFO">Slept 50 milliseconds</msg>
<status status="PASS" starttime="20230623 17:37:54.986" endtime="20230623 17:37:55.037"/>
</kw>
<status status="PASS" starttime="20230623 17:37:54.934" endtime="20230623 17:37:55.037"/>
</kw>
<kw name="Wait For And Verify Content" library="Common">
<arg>xpath://div[@class="text-onPrimary text-xs bg-primary rounded-full px-4 py-1.5 cursor-pointer mt-4 mb-8"]</arg>
<arg>Find Popular Videos</arg>
<kw name="Wait Until Element Is Visible" library="SeleniumLibrary">
<arg>${locator}</arg>
<doc>Waits until the element ``locator`` is visible.</doc>
<status status="PASS" starttime="20230623 17:37:55.037" endtime="20230623 17:37:55.472"/>
</kw>
<kw name="Sleep" library="BuiltIn">
<arg>200ms</arg>
<doc>Pauses the test executed for the given time.</doc>
<msg timestamp="20230623 17:37:55.672" level="INFO">Slept 200 milliseconds</msg>
<status status="PASS" starttime="20230623 17:37:55.472" endtime="20230623 17:37:55.672"/>
</kw>
<kw name="Element Should Contain" library="SeleniumLibrary">
<arg>${locator}</arg>
<arg>${str}</arg>
<doc>Verifies that element ``locator`` contains text ``expected``.</doc>
<msg timestamp="20230623 17:37:55.688" level="INFO">Element 'xpath://div[@class="text-onPrimary text-xs bg-primary rounded-full px-4 py-1.5 cursor-pointer mt-4 mb-8"]' contains text 'Find Popular Videos'.</msg>
<status status="PASS" starttime="20230623 17:37:55.672" endtime="20230623 17:37:55.688"/>
</kw>
<status status="PASS" starttime="20230623 17:37:55.037" endtime="20230623 17:37:55.688"/>
</kw>
<kw name="Wait For And Click Element" library="Common">
<arg>xpath://div[@class="text-onPrimary text-xs bg-primary rounded-full px-4 py-1.5 cursor-pointer mt-4 mb-8"]</arg>
<kw name="Wait Until Element Is Visible" library="SeleniumLibrary">
<arg>${locator}</arg>
<doc>Waits until the element ``locator`` is visible.</doc>
<status status="PASS" starttime="20230623 17:37:55.688" endtime="20230623 17:37:55.704"/>
</kw>
<kw name="Click Element" library="SeleniumLibrary">
<arg>${locator}</arg>
<doc>Click the element identified by ``locator``.</doc>
<msg timestamp="20230623 17:37:55.704" level="INFO">Clicking element 'xpath://div[@class="text-onPrimary text-xs bg-primary rounded-full px-4 py-1.5 cursor-pointer mt-4 mb-8"]'.</msg>
<status status="PASS" starttime="20230623 17:37:55.704" endtime="20230623 17:37:55.791"/>
</kw>
<kw name="Sleep" library="BuiltIn">
<arg>50ms</arg>
<doc>Pauses the test executed for the given time.</doc>
<msg timestamp="20230623 17:37:55.841" level="INFO">Slept 50 milliseconds</msg>
<status status="PASS" starttime="20230623 17:37:55.791" endtime="20230623 17:37:55.841"/>
</kw>
<status status="PASS" starttime="20230623 17:37:55.688" endtime="20230623 17:37:55.841"/>
</kw>
<kw name="Wait For And Verify Content" library="Common">
<arg>xpath:(//div[@class="flex justify-between items-center pl-6 mr-6 mt-11"])[1]</arg>
<arg>Top Live Streams</arg>
<kw name="Wait Until Element Is Visible" library="SeleniumLibrary">
<arg>${locator}</arg>
<doc>Waits until the element ``locator`` is visible.</doc>
<status status="PASS" starttime="20230623 17:37:55.841" endtime="20230623 17:37:57.299"/>
</kw>
<kw name="Sleep" library="BuiltIn">
<arg>200ms</arg>
<doc>Pauses the test executed for the given time.</doc>
<msg timestamp="20230623 17:37:57.506" level="INFO">Slept 200 milliseconds</msg>
<status status="PASS" starttime="20230623 17:37:57.299" endtime="20230623 17:37:57.506"/>
</kw>
<kw name="Element Should Contain" library="SeleniumLibrary">
<arg>${locator}</arg>
<arg>${str}</arg>
<doc>Verifies that element ``locator`` contains text ``expected``.</doc>
<msg timestamp="20230623 17:37:57.594" level="INFO">Element 'xpath:(//div[@class="flex justify-between items-center pl-6 mr-6 mt-11"])[1]' contains text 'Top Live Streams'.</msg>
<status status="PASS" starttime="20230623 17:37:57.506" endtime="20230623 17:37:57.594"/>
</kw>
<status status="PASS" starttime="20230623 17:37:55.841" endtime="20230623 17:37:57.594"/>
</kw>
<kw name="Sleep" library="BuiltIn">
<arg>5s</arg>
<doc>Pauses the test executed for the given time.</doc>
<msg timestamp="20230623 17:38:02.594" level="INFO">Slept 5 seconds</msg>
<status status="PASS" starttime="20230623 17:37:57.594" endtime="20230623 17:38:02.594"/>
</kw>
<kw name="Go To" library="SeleniumLibrary">
<arg>${Incorrect_URL1}</arg>
<doc>Navigates the current browser window to the provided ``url``.</doc>
<msg timestamp="20230623 17:38:02.594" level="INFO">Opening url 'https://watch-prod.api.engageapps.jio/s'</msg>
<status status="PASS" starttime="20230623 17:38:02.594" endtime="20230623 17:38:02.752"/>
</kw>
<kw name="Wait For And Verify Content" library="Common">
<arg>xpath=//h1[@class="max-6-xs text-6xl text-sky-700 font-thin uppercase my-16"]</arg>
<arg>NOT FOUND</arg>
<kw name="Wait Until Element Is Visible" library="SeleniumLibrary">
<arg>${locator}</arg>
<doc>Waits until the element ``locator`` is visible.</doc>
<status status="PASS" starttime="20230623 17:38:02.752" endtime="20230623 17:38:02.998"/>
</kw>
<kw name="Sleep" library="BuiltIn">
<arg>200ms</arg>
<doc>Pauses the test executed for the given time.</doc>
<msg timestamp="20230623 17:38:03.199" level="INFO">Slept 200 milliseconds</msg>
<status status="PASS" starttime="20230623 17:38:02.998" endtime="20230623 17:38:03.199"/>
</kw>
<kw name="Element Should Contain" library="SeleniumLibrary">
<arg>${locator}</arg>
<arg>${str}</arg>
<doc>Verifies that element ``locator`` contains text ``expected``.</doc>
<msg timestamp="20230623 17:38:03.214" level="INFO">Element 'xpath=//h1[@class="max-6-xs text-6xl text-sky-700 font-thin uppercase my-16"]' contains text 'NOT FOUND'.</msg>
<status status="PASS" starttime="20230623 17:38:03.199" endtime="20230623 17:38:03.214"/>
</kw>
<status status="PASS" starttime="20230623 17:38:02.752" endtime="20230623 17:38:03.214"/>
</kw>
<kw name="Go To" library="SeleniumLibrary">
<arg>${Incorrect_URL2}</arg>
<doc>Navigates the current browser window to the provided ``url``.</doc>
<msg timestamp="20230623 17:38:03.214" level="INFO">Opening url 'https://watch-prod.api.engageapps.jio/histor'</msg>
<status status="PASS" starttime="20230623 17:38:03.214" endtime="20230623 17:38:03.380"/>
</kw>
<kw name="Wait For And Verify Content" library="Common">
<arg>xpath=//h1[@class="max-6-xs text-6xl text-sky-700 font-thin uppercase my-16"]</arg>
<arg>NOT FOUND</arg>
<kw name="Wait Until Element Is Visible" library="SeleniumLibrary">
<arg>${locator}</arg>
<doc>Waits until the element ``locator`` is visible.</doc>
<status status="PASS" starttime="20230623 17:38:03.380" endtime="20230623 17:38:03.611"/>
</kw>
<kw name="Sleep" library="BuiltIn">
<arg>200ms</arg>
<doc>Pauses the test executed for the given time.</doc>
<msg timestamp="20230623 17:38:03.812" level="INFO">Slept 200 milliseconds</msg>
<status status="PASS" starttime="20230623 17:38:03.611" endtime="20230623 17:38:03.812"/>
</kw>
<kw name="Element Should Contain" library="SeleniumLibrary">
<arg>${locator}</arg>
<arg>${str}</arg>
<doc>Verifies that element ``locator`` contains text ``expected``.</doc>
<msg timestamp="20230623 17:38:03.828" level="INFO">Element 'xpath=//h1[@class="max-6-xs text-6xl text-sky-700 font-thin uppercase my-16"]' contains text 'NOT FOUND'.</msg>
<status status="PASS" starttime="20230623 17:38:03.812" endtime="20230623 17:38:03.828"/>
</kw>
<status status="PASS" starttime="20230623 17:38:03.380" endtime="20230623 17:38:03.828"/>
</kw>
<kw name="Wait For And Click Element" library="Common">
<arg>${Profile_logo_ontheright}</arg>
<kw name="Wait Until Element Is Visible" library="SeleniumLibrary">
<arg>${locator}</arg>
<doc>Waits until the element ``locator`` is visible.</doc>
<status status="PASS" starttime="20230623 17:38:03.828" endtime="20230623 17:38:03.852"/>
</kw>
<kw name="Click Element" library="SeleniumLibrary">
<arg>${locator}</arg>
<doc>Click the element identified by ``locator``.</doc>
<msg timestamp="20230623 17:38:03.852" level="INFO">Clicking element 'xpath://div[@class="w-10 h-10 flex relative"]'.</msg>
<status status="PASS" starttime="20230623 17:38:03.852" endtime="20230623 17:38:03.900"/>
</kw>
<kw name="Sleep" library="BuiltIn">
<arg>50ms</arg>
<doc>Pauses the test executed for the given time.</doc>
<msg timestamp="20230623 17:38:03.956" level="INFO">Slept 50 milliseconds</msg>
<status status="PASS" starttime="20230623 17:38:03.900" endtime="20230623 17:38:03.956"/>
</kw>
<status status="PASS" starttime="20230623 17:38:03.828" endtime="20230623 17:38:03.956"/>
</kw>
<kw name="Wait For And Verify Content" library="Common">
<arg>${Logout_logo}</arg>
<arg>Logout</arg>
<kw name="Wait Until Element Is Visible" library="SeleniumLibrary">
<arg>${locator}</arg>
<doc>Waits until the element ``locator`` is visible.</doc>
<status status="PASS" starttime="20230623 17:38:03.956" endtime="20230623 17:38:03.980"/>
</kw>
<kw name="Sleep" library="BuiltIn">
<arg>200ms</arg>
<doc>Pauses the test executed for the given time.</doc>
<msg timestamp="20230623 17:38:04.180" level="INFO">Slept 200 milliseconds</msg>
<status status="PASS" starttime="20230623 17:38:03.980" endtime="20230623 17:38:04.180"/>
</kw>
<kw name="Element Should Contain" library="SeleniumLibrary">
<arg>${locator}</arg>
<arg>${str}</arg>
<doc>Verifies that element ``locator`` contains text ``expected``.</doc>
<msg timestamp="20230623 17:38:04.196" level="INFO">Element 'xpath:(//div[@class="text-onSurface text-xs cursor-pointer flex mt-2"])[6]' contains text 'Logout'.</msg>
<status status="PASS" starttime="20230623 17:38:04.180" endtime="20230623 17:38:04.196"/>
</kw>
<status status="PASS" starttime="20230623 17:38:03.956" endtime="20230623 17:38:04.196"/>
</kw>
<kw name="Wait For And Click Element" library="Common">
<arg>${Logout_logo}</arg>
<kw name="Wait Until Element Is Visible" library="SeleniumLibrary">
<arg>${locator}</arg>
<doc>Waits until the element ``locator`` is visible.</doc>
<status status="PASS" starttime="20230623 17:38:04.196" endtime="20230623 17:38:04.212"/>
</kw>
<kw name="Click Element" library="SeleniumLibrary">
<arg>${locator}</arg>
<doc>Click the element identified by ``locator``.</doc>
<msg timestamp="20230623 17:38:04.212" level="INFO">Clicking element 'xpath:(//div[@class="text-onSurface text-xs cursor-pointer flex mt-2"])[6]'.</msg>
<status status="PASS" starttime="20230623 17:38:04.212" endtime="20230623 17:38:04.266"/>
</kw>
<kw name="Sleep" library="BuiltIn">
<arg>50ms</arg>
<doc>Pauses the test executed for the given time.</doc>
<msg timestamp="20230623 17:38:04.316" level="INFO">Slept 50 milliseconds</msg>
<status status="PASS" starttime="20230623 17:38:04.266" endtime="20230623 17:38:04.316"/>
</kw>
<status status="PASS" starttime="20230623 17:38:04.196" endtime="20230623 17:38:04.316"/>
</kw>
<kw name="Go To" library="SeleniumLibrary">
<arg>${URL_of_History}</arg>
<doc>Navigates the current browser window to the provided ``url``.</doc>
<msg timestamp="20230623 17:38:04.316" level="INFO">Opening url 'https://watch-prod.api.engageapps.jio/history'</msg>
<status status="PASS" starttime="20230623 17:38:04.316" endtime="20230623 17:38:04.507"/>
</kw>
<kw name="Sleep" library="BuiltIn">
<arg>5s</arg>
<doc>Pauses the test executed for the given time.</doc>
<msg timestamp="20230623 17:38:09.508" level="INFO">Slept 5 seconds</msg>
<status status="PASS" starttime="20230623 17:38:04.507" endtime="20230623 17:38:09.508"/>
</kw>
<status status="PASS" starttime="20230623 17:37:51.309" endtime="20230623 17:38:09.508"/>
</kw>
<status status="PASS" starttime="20230623 17:37:42.450" endtime="20230623 17:38:09.508"/>
</kw>
<doc>History/URL [Merged with 110908,110911,110912,110913]</doc>
<tag>TC-110926</tag>
<status status="PASS" starttime="20230623 17:37:42.450" endtime="20230623 17:38:09.508"/>
</test>
<kw name="End Web Test" library="Common" type="TEARDOWN">
<kw name="Close All Excel Documents" library="ExcelLibrary">
<doc>Closes all opened documents.</doc>
<status status="PASS" starttime="20230623 17:38:09.508" endtime="20230623 17:38:09.513"/>
</kw>
<kw name="Close Browser" library="SeleniumLibrary">
<doc>Closes the current browser.</doc>
<status status="PASS" starttime="20230623 17:38:09.513" endtime="20230623 17:38:12.853"/>
</kw>
<status status="PASS" starttime="20230623 17:38:09.508" endtime="20230623 17:38:12.853"/>
</kw>
<status status="PASS" starttime="20230623 17:37:33.647" endtime="20230623 17:38:12.853"/>
</suite>
<status status="PASS" starttime="20230623 17:37:33.631" endtime="20230623 17:38:12.856"/>
</suite>
<status status="PASS" starttime="20230623 17:37:33.548" endtime="20230623 17:38:12.858"/>
</suite>
<statistics>
<total>
<stat pass="1" fail="0" skip="0">All Tests</stat>
</total>
<tag>
<stat pass="1" fail="0" skip="0">TC-110926</stat>
</tag>
<suite>
<stat pass="1" fail="0" skip="0" id="s1" name="Tests">Tests</stat>
<stat pass="1" fail="0" skip="0" id="s1-s1" name="History">Tests.History</stat>
<stat pass="1" fail="0" skip="0" id="s1-s1-s1" name="History">Tests.History.History</stat>
</suite>
</statistics>
<errors>
</errors>
</robot>
